The system is: Windows - 10.0.16299 - AMD64
Compiling the C compiler identification source file "CMakeCCompilerId.c" succeeded.
Compiler: C:/Program Files (x86)/mingw-w64/i686-7.1.0-posix-dwarf-rt_v5-rev2/mingw32/bin/gcc.exe 
Build flags: 
Id flags:  

The output was:
0


Compilation of the C compiler identification source "CMakeCCompilerId.c" produced "a.exe"

The C compiler identification is GNU, found in "C:/Users/krist/Documents/itmo/algorithms/module1/task_1296/cmake-build-debug/CMakeFiles/3.8.2/CompilerIdC/a.exe"

Compiling the CXX compiler identification source file "CMakeCXXCompilerId.cpp" succeeded.
Compiler: C:/Program Files (x86)/mingw-w64/i686-7.1.0-posix-dwarf-rt_v5-rev2/mingw32/bin/g++.exe 
Build flags: 
Id flags:  

The output was:
0


Compilation of the CXX compiler identification source "CMakeCXXCompilerId.cpp" produced "a.exe"

The CXX compiler identification is GNU, found in "C:/Users/krist/Documents/itmo/algorithms/module1/task_1296/cmake-build-debug/CMakeFiles/3.8.2/CompilerIdCXX/a.exe"

Determining if the C compiler works passed with the following output:
Change Dir: C:/Users/krist/Documents/itmo/algorithms/module1/task_1296/cmake-build-debug/CMakeFiles/CMakeTmp

Run Build Command:"C:/PROGRA~2/MINGW-~1/I686-7~1.0-P/mingw32/bin/mingw32-make.exe" "cmTC_3512b/fast"
C:/PROGRA~2/MINGW-~1/I686-7~1.0-P/mingw32/bin/mingw32-make.exe -f CMakeFiles\cmTC_3512b.dir\build.make CMakeFiles/cmTC_3512b.dir/build
mingw32-make.exe[1]: Entering directory 'C:/Users/krist/Documents/itmo/algorithms/module1/task_1296/cmake-build-debug/CMakeFiles/CMakeTmp'
Building C object CMakeFiles/cmTC_3512b.dir/testCCompiler.c.obj
C:\PROGRA~2\MINGW-~1\I686-7~1.0-P\mingw32\bin\gcc.exe    -o CMakeFiles\cmTC_3512b.dir\testCCompiler.c.obj   -c C:\Users\krist\Documents\itmo\algorithms\module1\task_1296\cmake-build-debug\CMakeFiles\CMakeTmp\testCCompiler.c
Linking C executable cmTC_3512b.exe
"C:\Program Files\JetBrains\CLion 2017.2.3\bin\cmake\bin\cmake.exe" -E cmake_link_script CMakeFiles\cmTC_3512b.dir\link.txt --verbose=1
"C:\Program Files\JetBrains\CLion 2017.2.3\bin\cmake\bin\cmake.exe" -E remove -f CMakeFiles\cmTC_3512b.dir/objects.a
C:\PROGRA~2\MINGW-~1\I686-7~1.0-P\mingw32\bin\ar.exe cr CMakeFiles\cmTC_3512b.dir/objects.a @CMakeFiles\cmTC_3512b.dir\objects1.rsp
C:\PROGRA~2\MINGW-~1\I686-7~1.0-P\mingw32\bin\gcc.exe      -Wl,--whole-archive CMakeFiles\cmTC_3512b.dir/objects.a -Wl,--no-whole-archive  -o cmTC_3512b.exe -Wl,--out-implib,libcmTC_3512b.dll.a -Wl,--major-image-version,0,--minor-image-version,0 @CMakeFiles\cmTC_3512b.dir\linklibs.rsp
mingw32-make.exe[1]: Leaving directory 'C:/Users/krist/Documents/itmo/algorithms/module1/task_1296/cmake-build-debug/CMakeFiles/CMakeTmp'


