Added Component: Designator=S1(DIP-14)
Add component (AddParameter): Name = "Code_JEDEC"; Value = "MO-001-AF"; VariantName = "[No Variations]"
Add component (AddParameter): Name = "LatestRevisionDate"; Value = "17-Jul-2002"; VariantName = "[No Variations]"
Add component (AddParameter): Name = "LatestRevisionNote"; Value = "Re-released for DXP Platform."; VariantName = "[No Variations]"
Add component (AddParameter): Name = "PackageReference"; Value = "DIP-14"; VariantName = "[No Variations]"
Add component (AddParameter): Name = "Published"; Value = "24-Mar-1999"; VariantName = "[No Variations]"
Add component (AddParameter): Name = "Publisher"; Value = "Altium Limited"; VariantName = "[No Variations]"
Added Component: Designator=S2(DIP-14)
Add component (AddParameter): Name = "Code_JEDEC"; Value = "MO-001-AF"; VariantName = "[No Variations]"
Add component (AddParameter): Name = "LatestRevisionDate"; Value = "17-Jul-2002"; VariantName = "[No Variations]"
Add component (AddParameter): Name = "LatestRevisionNote"; Value = "Re-released for DXP Platform."; VariantName = "[No Variations]"
Add component (AddParameter): Name = "PackageReference"; Value = "DIP-14"; VariantName = "[No Variations]"
Add component (AddParameter): Name = "Published"; Value = "24-Mar-1999"; VariantName = "[No Variations]"
Add component (AddParameter): Name = "Publisher"; Value = "Altium Limited"; VariantName = "[No Variations]"
Added Component: Designator=S3(DIP-14)
Add component (AddParameter): Name = "Code_JEDEC"; Value = "MO-001-AF"; VariantName = "[No Variations]"
Add component (AddParameter): Name = "LatestRevisionDate"; Value = "17-Jul-2002"; VariantName = "[No Variations]"
Add component (AddParameter): Name = "LatestRevisionNote"; Value = "Re-released for DXP Platform."; VariantName = "[No Variations]"
Add component (AddParameter): Name = "PackageReference"; Value = "DIP-14"; VariantName = "[No Variations]"
Add component (AddParameter): Name = "Published"; Value = "24-Mar-1999"; VariantName = "[No Variations]"
Add component (AddParameter): Name = "Publisher"; Value = "Altium Limited"; VariantName = "[No Variations]"
Added Component: Designator=S4(DIP-14)
Add component (AddParameter): Name = "Code_JEDEC"; Value = "MO-001-AF"; VariantName = "[No Variations]"
Add component (AddParameter): Name = "LatestRevisionDate"; Value = "17-Jul-2002"; VariantName = "[No Variations]"
Add component (AddParameter): Name = "LatestRevisionNote"; Value = "Re-released for DXP Platform."; VariantName = "[No Variations]"
Add component (AddParameter): Name = "PackageReference"; Value = "DIP-14"; VariantName = "[No Variations]"
Add component (AddParameter): Name = "Published"; Value = "24-Mar-1999"; VariantName = "[No Variations]"
Add component (AddParameter): Name = "Publisher"; Value = "Altium Limited"; VariantName = "[No Variations]"
Added Component: Designator=S5(DIP-14)
Add component (AddParameter): Name = "Code_JEDEC"; Value = "MO-001-AF"; VariantName = "[No Variations]"
Add component (AddParameter): Name = "LatestRevisionDate"; Value = "17-Jul-2002"; VariantName = "[No Variations]"
Add component (AddParameter): Name = "LatestRevisionNote"; Value = "Re-released for DXP Platform."; VariantName = "[No Variations]"
Add component (AddParameter): Name = "PackageReference"; Value = "DIP-14"; VariantName = "[No Variations]"
Add component (AddParameter): Name = "Published"; Value = "24-Mar-1999"; VariantName = "[No Variations]"
Add component (AddParameter): Name = "Publisher"; Value = "Altium Limited"; VariantName = "[No Variations]"
Added Component: Designator=S6(DIP-14)
Add component (AddParameter): Name = "Code_JEDEC"; Value = "MO-001-AF"; VariantName = "[No Variations]"
Add component (AddParameter): Name = "LatestRevisionDate"; Value = "17-Jul-2002"; VariantName = "[No Variations]"
Add component (AddParameter): Name = "LatestRevisionNote"; Value = "Re-released for DXP Platform."; VariantName = "[No Variations]"
Add component (AddParameter): Name = "PackageReference"; Value = "DIP-14"; VariantName = "[No Variations]"
Add component (AddParameter): Name = "Published"; Value = "24-Mar-1999"; VariantName = "[No Variations]"
Add component (AddParameter): Name = "Publisher"; Value = "Altium Limited"; VariantName = "[No Variations]"
Added Component: Designator=S7(DIP-14)
Add component (AddParameter): Name = "Code_JEDEC"; Value = "MO-001-AF"; VariantName = "[No Variations]"
Add component (AddParameter): Name = "LatestRevisionDate"; Value = "17-Jul-2002"; VariantName = "[No Variations]"
Add component (AddParameter): Name = "LatestRevisionNote"; Value = "Re-released for DXP Platform."; VariantName = "[No Variations]"
Add component (AddParameter): Name = "PackageReference"; Value = "DIP-14"; VariantName = "[No Variations]"
Add component (AddParameter): Name = "Published"; Value = "24-Mar-1999"; VariantName = "[No Variations]"
Add component (AddParameter): Name = "Publisher"; Value = "Altium Limited"; VariantName = "[No Variations]"
Added Component: Designator=S8(DIP-14)
Add component (AddParameter): Name = "Code_JEDEC"; Value = "MO-001-AF"; VariantName = "[No Variations]"
Add component (AddParameter): Name = "LatestRevisionDate"; Value = "17-Jul-2002"; VariantName = "[No Variations]"
Add component (AddParameter): Name = "LatestRevisionNote"; Value = "Re-released for DXP Platform."; VariantName = "[No Variations]"
Add component (AddParameter): Name = "PackageReference"; Value = "DIP-14"; VariantName = "[No Variations]"
Add component (AddParameter): Name = "Published"; Value = "24-Mar-1999"; VariantName = "[No Variations]"
Add component (AddParameter): Name = "Publisher"; Value = "Altium Limited"; VariantName = "[No Variations]"
Added Component: Designator=S9(DIP-14)
Add component (AddParameter): Name = "Code_JEDEC"; Value = "MO-001-AF"; VariantName = "[No Variations]"
Add component (AddParameter): Name = "LatestRevisionDate"; Value = "17-Jul-2002"; VariantName = "[No Variations]"
Add component (AddParameter): Name = "LatestRevisionNote"; Value = "Re-released for DXP Platform."; VariantName = "[No Variations]"
Add component (AddParameter): Name = "PackageReference"; Value = "DIP-14"; VariantName = "[No Variations]"
Add component (AddParameter): Name = "Published"; Value = "24-Mar-1999"; VariantName = "[No Variations]"
Add component (AddParameter): Name = "Publisher"; Value = "Altium Limited"; VariantName = "[No Variations]"
Added Component: Designator=S10(DIP-14)
Add component (AddParameter): Name = "Code_JEDEC"; Value = "MO-001-AF"; VariantName = "[No Variations]"
Add component (AddParameter): Name = "LatestRevisionDate"; Value = "17-Jul-2002"; VariantName = "[No Variations]"
Add component (AddParameter): Name = "LatestRevisionNote"; Value = "Re-released for DXP Platform."; VariantName = "[No Variations]"
Add component (AddParameter): Name = "PackageReference"; Value = "DIP-14"; VariantName = "[No Variations]"
Add component (AddParameter): Name = "Published"; Value = "24-Mar-1999"; VariantName = "[No Variations]"
Add component (AddParameter): Name = "Publisher"; Value = "Altium Limited"; VariantName = "[No Variations]"
Added Component: Designator=S11(DIP-14)
Add component (AddParameter): Name = "Code_JEDEC"; Value = "MO-001-AF"; VariantName = "[No Variations]"
Add component (AddParameter): Name = "LatestRevisionDate"; Value = "17-Jul-2002"; VariantName = "[No Variations]"
Add component (AddParameter): Name = "LatestRevisionNote"; Value = "Re-released for DXP Platform."; VariantName = "[No Variations]"
Add component (AddParameter): Name = "PackageReference"; Value = "DIP-14"; VariantName = "[No Variations]"
Add component (AddParameter): Name = "Published"; Value = "24-Mar-1999"; VariantName = "[No Variations]"
Add component (AddParameter): Name = "Publisher"; Value = "Altium Limited"; VariantName = "[No Variations]"
Added Component: Designator=S12(DIP-14)
Add component (AddParameter): Name = "Code_JEDEC"; Value = "MO-001-AF"; VariantName = "[No Variations]"
Add component (AddParameter): Name = "LatestRevisionDate"; Value = "17-Jul-2002"; VariantName = "[No Variations]"
Add component (AddParameter): Name = "LatestRevisionNote"; Value = "Re-released for DXP Platform."; VariantName = "[No Variations]"
Add component (AddParameter): Name = "PackageReference"; Value = "DIP-14"; VariantName = "[No Variations]"
Add component (AddParameter): Name = "Published"; Value = "24-Mar-1999"; VariantName = "[No Variations]"
Add component (AddParameter): Name = "Publisher"; Value = "Altium Limited"; VariantName = "[No Variations]"
Added Component: Designator=S13(DIP-14)
Add component (AddParameter): Name = "Code_JEDEC"; Value = "MO-001-AF"; VariantName = "[No Variations]"
Add component (AddParameter): Name = "LatestRevisionDate"; Value = "17-Jul-2002"; VariantName = "[No Variations]"
Add component (AddParameter): Name = "LatestRevisionNote"; Value = "Re-released for DXP Platform."; VariantName = "[No Variations]"
Add component (AddParameter): Name = "PackageReference"; Value = "DIP-14"; VariantName = "[No Variations]"
Add component (AddParameter): Name = "Published"; Value = "24-Mar-1999"; VariantName = "[No Variations]"
Add component (AddParameter): Name = "Publisher"; Value = "Altium Limited"; VariantName = "[No Variations]"
Added Component: Designator=S14(DIP-14)
Add component (AddParameter): Name = "Code_JEDEC"; Value = "MO-001-AF"; VariantName = "[No Variations]"
Add component (AddParameter): Name = "LatestRevisionDate"; Value = "17-Jul-2002"; VariantName = "[No Variations]"
Add component (AddParameter): Name = "LatestRevisionNote"; Value = "Re-released for DXP Platform."; VariantName = "[No Variations]"
Add component (AddParameter): Name = "PackageReference"; Value = "DIP-14"; VariantName = "[No Variations]"
Add component (AddParameter): Name = "Published"; Value = "24-Mar-1999"; VariantName = "[No Variations]"
Add component (AddParameter): Name = "Publisher"; Value = "Altium Limited"; VariantName = "[No Variations]"
Added Component: Designator=S15(DIP-14)
Add component (AddParameter): Name = "Code_JEDEC"; Value = "MO-001-AF"; VariantName = "[No Variations]"
Add component (AddParameter): Name = "LatestRevisionDate"; Value = "17-Jul-2002"; VariantName = "[No Variations]"
Add component (AddParameter): Name = "LatestRevisionNote"; Value = "Re-released for DXP Platform."; VariantName = "[No Variations]"
Add component (AddParameter): Name = "PackageReference"; Value = "DIP-14"; VariantName = "[No Variations]"
Add component (AddParameter): Name = "Published"; Value = "24-Mar-1999"; VariantName = "[No Variations]"
Add component (AddParameter): Name = "Publisher"; Value = "Altium Limited"; VariantName = "[No Variations]"
Added Component: Designator=S16(DIP-14)
Add component (AddParameter): Name = "Code_JEDEC"; Value = "MO-001-AF"; VariantName = "[No Variations]"
Add component (AddParameter): Name = "LatestRevisionDate"; Value = "17-Jul-2002"; VariantName = "[No Variations]"
Add component (AddParameter): Name = "LatestRevisionNote"; Value = "Re-released for DXP Platform."; VariantName = "[No Variations]"
Add component (AddParameter): Name = "PackageReference"; Value = "DIP-14"; VariantName = "[No Variations]"
Add component (AddParameter): Name = "Published"; Value = "24-Mar-1999"; VariantName = "[No Variations]"
Add component (AddParameter): Name = "Publisher"; Value = "Altium Limited"; VariantName = "[No Variations]"
Added Component: Designator=S17(DIP-14)
Add component (AddParameter): Name = "Code_JEDEC"; Value = "MO-001-AF"; VariantName = "[No Variations]"
Add component (AddParameter): Name = "LatestRevisionDate"; Value = "17-Jul-2002"; VariantName = "[No Variations]"
Add component (AddParameter): Name = "LatestRevisionNote"; Value = "Re-released for DXP Platform."; VariantName = "[No Variations]"
Add component (AddParameter): Name = "PackageReference"; Value = "DIP-14"; VariantName = "[No Variations]"
Add component (AddParameter): Name = "Published"; Value = "24-Mar-1999"; VariantName = "[No Variations]"
Add component (AddParameter): Name = "Publisher"; Value = "Altium Limited"; VariantName = "[No Variations]"
Added Component: Designator=S18(DIP-14)
Add component (AddParameter): Name = "Code_JEDEC"; Value = "MO-001-AF"; VariantName = "[No Variations]"
Add component (AddParameter): Name = "LatestRevisionDate"; Value = "17-Jul-2002"; VariantName = "[No Variations]"
Add component (AddParameter): Name = "LatestRevisionNote"; Value = "Re-released for DXP Platform."; VariantName = "[No Variations]"
Add component (AddParameter): Name = "PackageReference"; Value = "DIP-14"; VariantName = "[No Variations]"
Add component (AddParameter): Name = "Published"; Value = "24-Mar-1999"; VariantName = "[No Variations]"
Add component (AddParameter): Name = "Publisher"; Value = "Altium Limited"; VariantName = "[No Variations]"
Added Pin To Net: NetName=NetLabel1 Pin=S6-2
Added Pin To Net: NetName=NetLabel1 Pin=S9-8
Added Pin To Net: NetName=NetLabel1 Pin=S13-4
Added Pin To Net: NetName=NetLabel1 Pin=S16-2
Added Pin To Net: NetName=NetLabel1 Pin=S18-6
Added Net: Name=NetLabel1
Added Pin To Net: NetName=NetLabel2 Pin=S18-2
Added Pin To Net: NetName=NetLabel2 Pin=S18-5
Added Pin To Net: NetName=NetLabel2 Pin=S18-9
Added Net: Name=NetLabel2
Added Pin To Net: NetName=NetLabel3 Pin=S2-9
Added Pin To Net: NetName=NetLabel3 Pin=S9-4
Added Pin To Net: NetName=NetLabel3 Pin=S15-4
Added Pin To Net: NetName=NetLabel3 Pin=S17-10
Added Pin To Net: NetName=NetLabel3 Pin=S18-11
Added Net: Name=NetLabel3
Added Pin To Net: NetName=NetLabel4 Pin=S2-5
Added Pin To Net: NetName=NetLabel4 Pin=S13-6
Added Pin To Net: NetName=NetLabel4 Pin=S16-8
Added Pin To Net: NetName=NetLabel4 Pin=S18-3
Added Net: Name=NetLabel4
Added Pin To Net: NetName=NetLabel5 Pin=S13-10
Added Pin To Net: NetName=NetLabel5 Pin=S14-5
Added Pin To Net: NetName=NetLabel5 Pin=S16-13
Added Pin To Net: NetName=NetLabel5 Pin=S18-4
Added Pin To Net: NetName=NetLabel5 Pin=S18-8
Added Net: Name=NetLabel5
Added Pin To Net: NetName=NetLabel6 Pin=S2-2
Added Pin To Net: NetName=NetLabel6 Pin=S18-1
Added Pin To Net: NetName=NetLabel6 Pin=S18-10
Added Net: Name=NetLabel6
Added Pin To Net: NetName=NetLabel7 Pin=S4-9
Added Pin To Net: NetName=NetLabel7 Pin=S10-1
Added Pin To Net: NetName=NetLabel7 Pin=S11-1
Added Pin To Net: NetName=NetLabel7 Pin=S15-2
Added Net: Name=NetLabel7
Added Pin To Net: NetName=NetLabel8 Pin=S2-11
Added Pin To Net: NetName=NetLabel8 Pin=S2-12
Added Pin To Net: NetName=NetLabel8 Pin=S4-3
Added Pin To Net: NetName=NetLabel8 Pin=S5-9
Added Pin To Net: NetName=NetLabel8 Pin=S13-1
Added Net: Name=NetLabel8
Added Pin To Net: NetName=NetLabel9 Pin=S12-11
Added Pin To Net: NetName=NetLabel9 Pin=S15-12
Added Pin To Net: NetName=NetLabel9 Pin=S17-12
Added Net: Name=NetLabel9
Added Pin To Net: NetName=NetLabel10 Pin=S8-8
Added Pin To Net: NetName=NetLabel10 Pin=S11-6
Added Pin To Net: NetName=NetLabel10 Pin=S14-13
Added Pin To Net: NetName=NetLabel10 Pin=S18-12
Added Pin To Net: NetName=NetLabel10 Pin=S18-13
Added Net: Name=NetLabel10
Added Pin To Net: NetName=NetLabel11 Pin=S5-10
Added Pin To Net: NetName=NetLabel11 Pin=S11-10
Added Pin To Net: NetName=NetLabel11 Pin=S12-1
Added Pin To Net: NetName=NetLabel11 Pin=S13-9
Added Pin To Net: NetName=NetLabel11 Pin=S13-12
Added Net: Name=NetLabel11
Added Pin To Net: NetName=NetLabel12 Pin=S4-5
Added Pin To Net: NetName=NetLabel12 Pin=S16-3
Added Pin To Net: NetName=NetLabel12 Pin=S17-4
Added Net: Name=NetLabel12
Added Pin To Net: NetName=NetLabel13 Pin=S7-13
Added Pin To Net: NetName=NetLabel13 Pin=S11-12
Added Pin To Net: NetName=NetLabel13 Pin=S14-3
Added Pin To Net: NetName=NetLabel13 Pin=S14-12
Added Net: Name=NetLabel13
Added Pin To Net: NetName=NetLabel14 Pin=S10-5
Added Pin To Net: NetName=NetLabel14 Pin=S13-3
Added Pin To Net: NetName=NetLabel14 Pin=S15-8
Added Pin To Net: NetName=NetLabel14 Pin=S17-5
Added Net: Name=NetLabel14
Added Pin To Net: NetName=NetLabel15 Pin=S6-13
Added Pin To Net: NetName=NetLabel15 Pin=S8-2
Added Pin To Net: NetName=NetLabel15 Pin=S17-8
Added Pin To Net: NetName=NetLabel15 Pin=S17-13
Added Net: Name=NetLabel15
Added Pin To Net: NetName=NetLabel16 Pin=S2-6
Added Pin To Net: NetName=NetLabel16 Pin=S6-4
Added Pin To Net: NetName=NetLabel16 Pin=S10-6
Added Pin To Net: NetName=NetLabel16 Pin=S16-9
Added Pin To Net: NetName=NetLabel16 Pin=S17-1
Added Net: Name=NetLabel16
Added Pin To Net: NetName=NetLabel17 Pin=S16-10
Added Pin To Net: NetName=NetLabel17 Pin=S16-11
Added Pin To Net: NetName=NetLabel17 Pin=S17-11
Added Net: Name=NetLabel17
Added Pin To Net: NetName=NetLabel18 Pin=S7-4
Added Pin To Net: NetName=NetLabel18 Pin=S10-3
Added Pin To Net: NetName=NetLabel18 Pin=S14-1
Added Pin To Net: NetName=NetLabel18 Pin=S14-9
Added Net: Name=NetLabel18
Added Pin To Net: NetName=NetLabel19 Pin=S6-8
Added Pin To Net: NetName=NetLabel19 Pin=S8-9
Added Pin To Net: NetName=NetLabel19 Pin=S12-6
Added Net: Name=NetLabel19
Added Pin To Net: NetName=NetLabel20 Pin=S4-13
Added Pin To Net: NetName=NetLabel20 Pin=S9-3
Added Pin To Net: NetName=NetLabel20 Pin=S9-13
Added Pin To Net: NetName=NetLabel20 Pin=S10-9
Added Pin To Net: NetName=NetLabel20 Pin=S17-9
Added Net: Name=NetLabel20
Added Pin To Net: NetName=NetLabel21 Pin=S6-10
Added Pin To Net: NetName=NetLabel21 Pin=S14-2
Added Pin To Net: NetName=NetLabel21 Pin=S15-3
Added Pin To Net: NetName=NetLabel21 Pin=S15-5
Added Pin To Net: NetName=NetLabel21 Pin=S17-3
Added Net: Name=NetLabel21
Added Pin To Net: NetName=NetLabel22 Pin=S3-11
Added Pin To Net: NetName=NetLabel22 Pin=S14-11
Added Pin To Net: NetName=NetLabel22 Pin=S15-1
Added Pin To Net: NetName=NetLabel22 Pin=S15-10
Added Pin To Net: NetName=NetLabel22 Pin=S17-2
Added Net: Name=NetLabel22
Added Pin To Net: NetName=NetLabel23 Pin=S3-3
Added Pin To Net: NetName=NetLabel23 Pin=S11-3
Added Pin To Net: NetName=NetLabel23 Pin=S14-4
Added Pin To Net: NetName=NetLabel23 Pin=S16-1
Added Net: Name=NetLabel23
Added Pin To Net: NetName=NetLabel24 Pin=S2-8
Added Pin To Net: NetName=NetLabel24 Pin=S2-10
Added Pin To Net: NetName=NetLabel24 Pin=S4-6
Added Pin To Net: NetName=NetLabel24 Pin=S9-5
Added Pin To Net: NetName=NetLabel24 Pin=S12-4
Added Net: Name=NetLabel24
Added Pin To Net: NetName=NetLabel25 Pin=S5-6
Added Pin To Net: NetName=NetLabel25 Pin=S13-11
Added Pin To Net: NetName=NetLabel25 Pin=S14-8
Added Pin To Net: NetName=NetLabel25 Pin=S17-6
Added Net: Name=NetLabel25
Added Pin To Net: NetName=NetLabel26 Pin=S5-8
Added Pin To Net: NetName=NetLabel26 Pin=S10-2
Added Pin To Net: NetName=NetLabel26 Pin=S11-11
Added Pin To Net: NetName=NetLabel26 Pin=S14-10
Added Net: Name=NetLabel26
Added Pin To Net: NetName=NetLabel27 Pin=S4-4
Added Pin To Net: NetName=NetLabel27 Pin=S6-1
Added Pin To Net: NetName=NetLabel27 Pin=S7-6
Added Pin To Net: NetName=NetLabel27 Pin=S10-8
Added Pin To Net: NetName=NetLabel27 Pin=S15-11
Added Net: Name=NetLabel27
Added Pin To Net: NetName=NetLabel28 Pin=S4-12
Added Pin To Net: NetName=NetLabel28 Pin=S5-4
Added Pin To Net: NetName=NetLabel28 Pin=S6-9
Added Pin To Net: NetName=NetLabel28 Pin=S14-6
Added Pin To Net: NetName=NetLabel28 Pin=S16-6
Added Net: Name=NetLabel28
Added Pin To Net: NetName=NetLabel29 Pin=S4-10
Added Pin To Net: NetName=NetLabel29 Pin=S7-8
Added Pin To Net: NetName=NetLabel29 Pin=S8-11
Added Pin To Net: NetName=NetLabel29 Pin=S15-13
Added Pin To Net: NetName=NetLabel29 Pin=S16-12
Added Net: Name=NetLabel29
Added Pin To Net: NetName=NetLabel30 Pin=S3-2
Added Pin To Net: NetName=NetLabel30 Pin=S7-2
Added Pin To Net: NetName=NetLabel30 Pin=S11-8
Added Pin To Net: NetName=NetLabel30 Pin=S12-10
Added Pin To Net: NetName=NetLabel30 Pin=S15-9
Added Net: Name=NetLabel30
Added Pin To Net: NetName=NetLabel31 Pin=S4-1
Added Pin To Net: NetName=NetLabel31 Pin=S4-2
Added Pin To Net: NetName=NetLabel31 Pin=S9-9
Added Pin To Net: NetName=NetLabel31 Pin=S15-6
Added Pin To Net: NetName=NetLabel31 Pin=S16-4
Added Net: Name=NetLabel31
Added Pin To Net: NetName=NetLabel32 Pin=S3-12
Added Pin To Net: NetName=NetLabel32 Pin=S4-11
Added Pin To Net: NetName=NetLabel32 Pin=S8-5
Added Pin To Net: NetName=NetLabel32 Pin=S11-2
Added Pin To Net: NetName=NetLabel32 Pin=S16-5
Added Net: Name=NetLabel32
Added Pin To Net: NetName=NetLabel33 Pin=S2-1
Added Pin To Net: NetName=NetLabel33 Pin=S3-13
Added Pin To Net: NetName=NetLabel33 Pin=S5-12
Added Pin To Net: NetName=NetLabel33 Pin=S6-5
Added Pin To Net: NetName=NetLabel33 Pin=S10-4
Added Net: Name=NetLabel33
Added Pin To Net: NetName=NetLabel34 Pin=S5-1
Added Pin To Net: NetName=NetLabel34 Pin=S7-1
Added Pin To Net: NetName=NetLabel34 Pin=S11-9
Added Net: Name=NetLabel34
Added Pin To Net: NetName=NetLabel35 Pin=S1-6
Added Pin To Net: NetName=NetLabel35 Pin=S6-6
Added Pin To Net: NetName=NetLabel35 Pin=S6-12
Added Pin To Net: NetName=NetLabel35 Pin=S10-11
Added Pin To Net: NetName=NetLabel35 Pin=S13-2
Added Net: Name=NetLabel35
Added Pin To Net: NetName=NetLabel36 Pin=S2-13
Added Pin To Net: NetName=NetLabel36 Pin=S5-5
Added Pin To Net: NetName=NetLabel36 Pin=S10-13
Added Pin To Net: NetName=NetLabel36 Pin=S13-5
Added Net: Name=NetLabel36
Added Pin To Net: NetName=NetLabel37 Pin=S3-9
Added Pin To Net: NetName=NetLabel37 Pin=S4-8
Added Pin To Net: NetName=NetLabel37 Pin=S7-5
Added Pin To Net: NetName=NetLabel37 Pin=S7-12
Added Pin To Net: NetName=NetLabel37 Pin=S12-2
Added Net: Name=NetLabel37
Added Pin To Net: NetName=NetLabel38 Pin=S2-3
Added Pin To Net: NetName=NetLabel38 Pin=S7-10
Added Pin To Net: NetName=NetLabel38 Pin=S12-3
Added Net: Name=NetLabel38
Added Pin To Net: NetName=NetLabel39 Pin=S1-5
Added Pin To Net: NetName=NetLabel39 Pin=S2-4
Added Pin To Net: NetName=NetLabel39 Pin=S13-13
Added Net: Name=NetLabel39
Added Pin To Net: NetName=NetLabel40 Pin=S7-11
Added Pin To Net: NetName=NetLabel40 Pin=S9-12
Added Pin To Net: NetName=NetLabel40 Pin=S13-8
Added Net: Name=NetLabel40
Added Pin To Net: NetName=NetLabel41 Pin=S6-3
Added Pin To Net: NetName=NetLabel41 Pin=S8-3
Added Pin To Net: NetName=NetLabel41 Pin=S8-6
Added Pin To Net: NetName=NetLabel41 Pin=S10-12
Added Pin To Net: NetName=NetLabel41 Pin=S12-13
Added Net: Name=NetLabel41
Added Class: Name=Sheet1
Added Room: Name=Sheet1
